[ 2015-07-28 12:55:26.2710 2197/7f18f4366780 age/Wat/Main.cpp:1274 ]: Starting Passenger watchdog...
[ 2015-07-28 12:55:26.2812 2200/7f2f84311780 age/Cor/Main.cpp:957 ]: Starting Passenger core...
[ 2015-07-28 12:55:26.2817 2200/7f2f84311780 age/Cor/Main.cpp:234 ]: Passenger core running in multi-application mode.
[ 2015-07-28 12:55:26.2846 2200/7f2f84311780 age/Cor/Main.cpp:707 ]: Passenger core online, PID 2200
[ 2015-07-28 12:55:26.2967 2205/7f4fa2567780 age/Ust/Main.cpp:430 ]: Starting Passenger UstRouter...
[ 2015-07-28 12:55:26.2980 2205/7f4fa2567780 age/Ust/Main.cpp:311 ]: Passenger UstRouter online, PID 2205
2015/07/28 12:55:28 [error] 2215#0: *4 "/opt/passenger/public/index.html" is not found (2: No such file or directory), client: 127.0.0.1, server: _, request: "HEAD / HTTP/1.1", host: "0.0.0.0"
2015/07/28 12:55:49 [error] 2215#0: *5 "/opt/passenger/public/index.html" is not found (2: No such file or directory), client: 92.24.20.221, server: _, request: "GET / HTTP/1.1", host: "schoolsurvivaltools.com:3000"
2015/07/28 12:55:50 [error] 2215#0: *5 open() "/opt/passenger/public/favicon.ico" failed (2: No such file or directory), client: 92.24.20.221, server: _, request: "GET /favicon.ico HTTP/1.1", host: "schoolsurvivaltools.com:3000", referrer: "http://schoolsurvivaltools.com:3000/"

[ 2015-07-28 12:56:10.6023 2200/7f2f822b8700 age/Cor/Main.cpp:507 ]: Signal received. Gracefully shutting down... (send signal 2 more time(s) to force shutdown)
[ 2015-07-28 12:56:10.6024 2200/7f2f84311780 age/Cor/Main.cpp:876 ]: Received command to shutdown gracefully. Waiting until all clients have disconnected...
[ 2015-07-28 12:56:10.6025 2200/7f2f81ab7700 Ser/Server.h:752 ]: [ApiServer] Freed 0 spare client objects
[ 2015-07-28 12:56:10.6025 2200/7f2f81ab7700 Ser/Server.h:443 ]: [ApiServer] Shutdown finished
[ 2015-07-28 12:56:10.6027 2200/7f2f822b8700 Ser/Server.h:752 ]: [ServerThr.1] Freed 128 spare client objects
[ 2015-07-28 12:56:10.6027 2200/7f2f822b8700 Ser/Server.h:443 ]: [ServerThr.1] Shutdown finished

[ 2015-07-28 12:56:10.6037 2205/7f4fa06ed700 age/Ust/Main.cpp:337 ]: Signal received. Gracefully shutting down... (send signal 2 more time(s) to force shutdown)
[ 2015-07-28 12:56:10.6038 2205/7f4fa2567780 age/Ust/Main.cpp:399 ]: Received command to shutdown gracefully. Waiting until all clients have disconnected...
[ 2015-07-28 12:56:10.6039 2205/7f4fa06ed700 Ser/Server.h:752 ]: [LoggerApiServer] Freed 0 spare client objects
[ 2015-07-28 12:56:10.6039 2205/7f4fa06ed700 Ser/Server.h:443 ]: [LoggerApiServer] Shutdown finished
[ 2015-07-28 12:56:10.6042 2205/7f4fa2567780 age/Ust/Main.cpp:424 ]: Passenger UstRouter shutdown finished
[ 2015-07-28 12:56:10.6184 2200/7f2f84311780 age/Cor/Main.cpp:942 ]: Passenger core shutdown finished
